The

SoftMax: 0.014
Semantic change score: 0.0000
The weather is
SoftMax: 0.192
Semantic change score: 0.0596
The weather forecast for
SoftMax: 0.268
Semantic change score: 0.0198
The weather forecast predicted a
SoftMax: 0.244
Semantic change score: 0.0395
The weather forecast predicted sunshine to
SoftMax: 0.175
Semantic change score: 0.0033
The weather forecast predicted sunshine and a
SoftMax: 0.080
Semantic change score: 0.0351
The weather forecast predicted sunshine and clear skies
SoftMax: 0.887
Semantic change score: 0.0354
The weather forecast predicted sunshine and clear skies, with
SoftMax: 0.206
Semantic change score: 0.0046
The weather forecast predicted sunshine and clear skies, but the
SoftMax: 0.160
Semantic change score: 0.0056
The weather forecast predicted sunshine and clear skies, but instead of
SoftMax: 0.390
Semantic change score: 0.0018
The weather forecast predicted sunshine and clear skies, but instead it was
SoftMax: 0.374
Semantic change score: 0.0120
The weather forecast predicted sunshine and clear skies, but instead it turned to
SoftMax: 0.252
Semantic change score: 0.0065
The weather forecast predicted sunshine and clear skies, but instead it turned out to
SoftMax: 0.714
Semantic change score: 0.0027
The weather forecast predicted sunshine and clear skies, but instead it turned out to be
SoftMax: 0.949
Semantic change score: 0.0042
The weather forecast predicted sunshine and clear skies, but instead it turned out to be cloudy
SoftMax: 0.228
Semantic change score: 0.0496
The weather forecast predicted sunshine and clear skies, but instead it turned out to be stormy.
SoftMax: 0.281
Semantic change score: 0.0239
